0 info it worked if it ends with ok
1 verbose cli [ '/usr/bin/nodejs', '/usr/bin/npm', 'start' ]
2 info using npm@3.5.2
3 info using node@v4.2.6
4 verbose run-script [ 'prestart', 'start', 'poststart' ]
5 info lifecycle blogcrud@1.0.0~prestart: blogcrud@1.0.0
6 silly lifecycle blogcrud@1.0.0~prestart: no script for prestart, continuing
7 info lifecycle blogcrud@1.0.0~start: blogcrud@1.0.0
8 verbose lifecycle blogcrud@1.0.0~start: unsafe-perm in lifecycle true
9 verbose lifecycle blogcrud@1.0.0~start: PATH: /usr/share/npm/bin/node-gyp-bin:/mnt/c/Users/USUARIO/Documents/GitHub/Blog crud/node_modules/.bin:/usr/local/sbin:/usr/local/bin:/usr/sbin:/usr/bin:/sbin:/bin:/usr/games:/usr/local/games:/mnt/c/ProgramData/Oracle/Java/javapath:/mnt/c/Program Files (x86)/Intel/iCLS Client/:/mnt/c/Program Files/Intel/iCLS Client/:/mnt/c/Windows/system32:/mnt/c/Windows:/mnt/c/Windows/System32/Wbem:/mnt/c/Windows/System32/WindowsPowerShell/v1.0/:/mnt/c/Program Files (x86)/Intel/Intel(R) Management Engine Components/DAL:/mnt/c/Program Files/Intel/Intel(R) Management Engine Components/DAL:/mnt/c/Program Files (x86)/Intel/Intel(R) Management Engine Components/IPT:/mnt/c/Program Files/Intel/Intel(R) Management Engine Components/IPT:/mnt/c/Program Files (x86)/NVIDIA Corporation/PhysX/Common:/mnt/c/WINDOWS/system32:/mnt/c/WINDOWS:/mnt/c/WINDOWS/System32/Wbem:/mnt/c/WINDOWS/System32/WindowsPowerShell/v1.0/:/mnt/c/WINDOWS/System32/OpenSSH/:/mnt/c/Program Files/Git/cmd:/mnt/c/Python27:/mnt/c/Python27/Scripts:/mnt/c/Program Files/nodejs/:/mnt/c/Program Files (x86)/Skype/Phone/:/mnt/c/Users/USUARIO/AppData/Local/Microsoft/WindowsApps:/mnt/c/PYTHON27:/mnt/e/Microsoft VS Code/bin:/mnt/c/Users/USUARIO/AppData/Local/GitHubDesktop/bin:/mnt/c/Users/USUARIO/AppData/Local/atom/bin:/mnt/c/Users/USUARIO/AppData/Local/Microsoft/WindowsApps:/mnt/d/texlive/2019/bin/win32:/mnt/c/Users/USUARIO/AppData/Roaming/npm:/snap/bin
10 verbose lifecycle blogcrud@1.0.0~start: CWD: /mnt/c/Users/USUARIO/Documents/GitHub/Blog crud
11 silly lifecycle blogcrud@1.0.0~start: Args: [ '-c', 'node index.js' ]
12 silly lifecycle blogcrud@1.0.0~start: Returned: code: 1  signal: null
13 info lifecycle blogcrud@1.0.0~start: Failed to exec start script
14 verbose stack Error: blogcrud@1.0.0 start: `node index.js`
14 verbose stack Exit status 1
14 verbose stack     at EventEmitter.<anonymous> (/usr/share/npm/lib/utils/lifecycle.js:232:16)
14 verbose stack     at emitTwo (events.js:87:13)
14 verbose stack     at EventEmitter.emit (events.js:172:7)
14 verbose stack     at ChildProcess.<anonymous> (/usr/share/npm/lib/utils/spawn.js:24:14)
14 verbose stack     at emitTwo (events.js:87:13)
14 verbose stack     at ChildProcess.emit (events.js:172:7)
14 verbose stack     at maybeClose (internal/child_process.js:821:16)
14 verbose stack     at Process.ChildProcess._handle.onexit (internal/child_process.js:211:5)
15 verbose pkgid blogcrud@1.0.0
16 verbose cwd /mnt/c/Users/USUARIO/Documents/GitHub/Blog crud
17 error Linux 4.4.0-18362-Microsoft
18 error argv "/usr/bin/nodejs" "/usr/bin/npm" "start"
19 error node v4.2.6
20 error npm  v3.5.2
21 error code ELIFECYCLE
22 error blogcrud@1.0.0 start: `node index.js`
22 error Exit status 1
23 error Failed at the blogcrud@1.0.0 start script 'node index.js'.
23 error Make sure you have the latest version of node.js and npm installed.
23 error If you do, this is most likely a problem with the blogcrud package,
23 error not with npm itself.
23 error Tell the author that this fails on your system:
23 error     node index.js
23 error You can get information on how to open an issue for this project with:
23 error     npm bugs blogcrud
23 error Or if that isn't available, you can get their info via:
23 error     npm owner ls blogcrud
23 error There is likely additional logging output above.
24 verbose exit [ 1, true ]
